2015-10-14 22:43:10,977 INFO org.apache.hadoop.hdfs.server.namenode.NameNode: STARTUP_MSG: 
/************************************************************
STARTUP_MSG: Starting NameNode
STARTUP_MSG:   host = ip-172-31-38-110.us-west-2.compute.internal/172.31.38.110
STARTUP_MSG:   args = []
STARTUP_MSG:   version = 2.7.1
STARTUP_MSG:   classpath = /home/anna/hadoop-2.7.1/etc/hadoop:/home/anna/hadoop-2.7.1/share/hadoop/common/lib/commons-beanutils-core-1.8.0.jar:/home/anna/hadoop-2.7.1/share/hadoop/common/lib/commons-codec-1.4.jar:/home/anna/hadoop-2.7.1/share/hadoop/common/lib/commons-collections-3.2.1.jar:/home/anna/hadoop-2.7.1/share/hadoop/common/lib/commons-math3-3.1.1.jar:/home/anna/hadoop-2.7.1/share/hadoop/common/lib/jersey-server-1.9.jar:/home/anna/hadoop-2.7.1/share/hadoop/common/lib/jersey-core-1.9.jar:/home/anna/hadoop-2.7.1/share/hadoop/common/lib/hadoop-auth-2.7.1.jar:/home/anna/hadoop-2.7.1/share/hadoop/common/lib/commons-compress-1.4.1.jar:/home/anna/hadoop-2.7.1/share/hadoop/common/lib/paranamer-2.3.jar:/home/anna/hadoop-2.7.1/share/hadoop/common/lib/httpclient-4.2.5.jar:/home/anna/hadoop-2.7.1/share/hadoop/common/lib/commons-net-3.1.jar:/home/anna/hadoop-2.7.1/share/hadoop/common/lib/hamcrest-core-1.3.jar:/home/anna/hadoop-2.7.1/share/hadoop/common/lib/jetty-util-6.1.26.jar:/home/anna/hadoop-2.7.1/share/hadoop/common/lib/xz-1.0.jar:/home/anna/hadoop-2.7.1/share/hadoop/common/lib/apacheds-i18n-2.0.0-M15.jar:/home/anna/hadoop-2.7.1/share/hadoop/common/lib/jetty-6.1.26.jar:/home/anna/hadoop-2.7.1/share/hadoop/common/lib/slf4j-log4j12-1.7.10.jar:/home/anna/hadoop-2.7.1/share/hadoop/common/lib/hadoop-annotations-2.7.1.jar:/home/anna/hadoop-2.7.1/share/hadoop/common/lib/commons-configuration-1.6.jar:/home/anna/hadoop-2.7.1/share/hadoop/common/lib/jackson-xc-1.9.13.jar:/home/anna/hadoop-2.7.1/share/hadoop/common/lib/servlet-api-2.5.jar:/home/anna/hadoop-2.7.1/share/hadoop/common/lib/xmlenc-0.52.jar:/home/anna/hadoop-2.7.1/share/hadoop/common/lib/commons-digester-1.8.jar:/home/anna/hadoop-2.7.1/share/hadoop/common/lib/gson-2.2.4.jar:/home/anna/hadoop-2.7.1/share/hadoop/common/lib/api-util-1.0.0-M20.jar:/home/anna/hadoop-2.7.1/share/hadoop/common/lib/commons-logging-1.1.3.jar:/home/anna/hadoop-2.7.1/share/hadoop/common/lib/java-xmlbuilder-0.4.jar:/home/anna/hadoop-2.7.1/share/hadoop/common/lib/jersey-json-1.9.jar:/home/anna/hadoop-2.7.1/share/hadoop/common/lib/junit-4.11.jar:/home/anna/hadoop-2.7.1/share/hadoop/common/lib/commons-lang-2.6.jar:/home/anna/hadoop-2.7.1/share/hadoop/common/lib/commons-cli-1.2.jar:/home/anna/hadoop-2.7.1/share/hadoop/common/lib/jaxb-impl-2.2.3-1.jar:/home/anna/hadoop-2.7.1/share/hadoop/common/lib/guava-11.0.2.jar:/home/anna/hadoop-2.7.1/share/hadoop/common/lib/commons-beanutils-1.7.0.jar:/home/anna/hadoop-2.7.1/share/hadoop/common/lib/slf4j-api-1.7.10.jar:/home/anna/hadoop-2.7.1/share/hadoop/common/lib/asm-3.2.jar:/home/anna/hadoop-2.7.1/share/hadoop/common/lib/zookeeper-3.4.6.jar:/home/anna/hadoop-2.7.1/share/hadoop/common/lib/stax-api-1.0-2.jar:/home/anna/hadoop-2.7.1/share/hadoop/common/lib/netty-3.6.2.Final.jar:/home/anna/hadoop-2.7.1/share/hadoop/common/lib/curator-client-2.7.1.jar:/home/anna/hadoop-2.7.1/share/hadoop/common/lib/commons-httpclient-3.1.jar:/home/anna/hadoop-2.7.1/share/hadoop/common/lib/curator-framework-2.7.1.jar:/home/anna/hadoop-2.7.1/share/hadoop/common/lib/apacheds-kerberos-codec-2.0.0-M15.jar:/home/anna/hadoop-2.7.1/share/hadoop/common/lib/htrace-core-3.1.0-incubating.jar:/home/anna/hadoop-2.7.1/share/hadoop/common/lib/jaxb-api-2.2.2.jar:/home/anna/hadoop-2.7.1/share/hadoop/common/lib/jettison-1.1.jar:/home/anna/hadoop-2.7.1/share/hadoop/common/lib/snappy-java-1.0.4.1.jar:/home/anna/hadoop-2.7.1/share/hadoop/common/lib/activation-1.1.jar:/home/anna/hadoop-2.7.1/share/hadoop/common/lib/jackson-core-asl-1.9.13.jar:/home/anna/hadoop-2.7.1/share/hadoop/common/lib/jackson-mapper-asl-1.9.13.jar:/home/anna/hadoop-2.7.1/share/hadoop/common/lib/mockito-all-1.8.5.jar:/home/anna/hadoop-2.7.1/share/hadoop/common/lib/httpcore-4.2.5.jar:/home/anna/hadoop-2.7.1/share/hadoop/common/lib/jackson-jaxrs-1.9.13.jar:/home/anna/hadoop-2.7.1/share/hadoop/common/lib/log4j-1.2.17.jar:/home/anna/hadoop-2.7.1/share/hadoop/common/lib/protobuf-java-2.5.0.jar:/home/anna/hadoop-2.7.1/share/hadoop/common/lib/api-asn1-api-1.0.0-M20.jar:/home/anna/hadoop-2.7.1/share/hadoop/common/lib/jsp-api-2.1.jar:/home/anna/hadoop-2.7.1/share/hadoop/common/lib/jets3t-0.9.0.jar:/home/anna/hadoop-2.7.1/share/hadoop/common/lib/avro-1.7.4.jar:/home/anna/hadoop-2.7.1/share/hadoop/common/lib/jsch-0.1.42.jar:/home/anna/hadoop-2.7.1/share/hadoop/common/lib/jsr305-3.0.0.jar:/home/anna/hadoop-2.7.1/share/hadoop/common/lib/curator-recipes-2.7.1.jar:/home/anna/hadoop-2.7.1/share/hadoop/common/lib/commons-io-2.4.jar:/home/anna/hadoop-2.7.1/share/hadoop/common/hadoop-nfs-2.7.1.jar:/home/anna/hadoop-2.7.1/share/hadoop/common/hadoop-common-2.7.1-tests.jar:/home/anna/hadoop-2.7.1/share/hadoop/common/hadoop-common-2.7.1.jar:/home/anna/hadoop-2.7.1/share/hadoop/hdfs:/home/anna/hadoop-2.7.1/share/hadoop/hdfs/lib/commons-codec-1.4.jar:/home/anna/hadoop-2.7.1/share/hadoop/hdfs/lib/leveldbjni-all-1.8.jar:/home/anna/hadoop-2.7.1/share/hadoop/hdfs/lib/jersey-server-1.9.jar:/home/anna/hadoop-2.7.1/share/hadoop/hdfs/lib/jersey-core-1.9.jar:/home/anna/hadoop-2.7.1/share/hadoop/hdfs/lib/netty-all-4.0.23.Final.jar:/home/anna/hadoop-2.7.1/share/hadoop/hdfs/lib/jetty-util-6.1.26.jar:/home/anna/hadoop-2.7.1/share/hadoop/hdfs/lib/jetty-6.1.26.jar:/home/anna/hadoop-2.7.1/share/hadoop/hdfs/lib/servlet-api-2.5.jar:/home/anna/hadoop-2.7.1/share/hadoop/hdfs/lib/xmlenc-0.52.jar:/home/anna/hadoop-2.7.1/share/hadoop/hdfs/lib/xercesImpl-2.9.1.jar:/home/anna/hadoop-2.7.1/share/hadoop/hdfs/lib/commons-logging-1.1.3.jar:/home/anna/hadoop-2.7.1/share/hadoop/hdfs/lib/commons-lang-2.6.jar:/home/anna/hadoop-2.7.1/share/hadoop/hdfs/lib/commons-cli-1.2.jar:/home/anna/hadoop-2.7.1/share/hadoop/hdfs/lib/guava-11.0.2.jar:/home/anna/hadoop-2.7.1/share/hadoop/hdfs/lib/asm-3.2.jar:/home/anna/hadoop-2.7.1/share/hadoop/hdfs/lib/commons-daemon-1.0.13.jar:/home/anna/hadoop-2.7.1/share/hadoop/hdfs/lib/netty-3.6.2.Final.jar:/home/anna/hadoop-2.7.1/share/hadoop/hdfs/lib/htrace-core-3.1.0-incubating.jar:/home/anna/hadoop-2.7.1/share/hadoop/hdfs/lib/jackson-core-asl-1.9.13.jar:/home/anna/hadoop-2.7.1/share/hadoop/hdfs/lib/xml-apis-1.3.04.jar:/home/anna/hadoop-2.7.1/share/hadoop/hdfs/lib/jackson-mapper-asl-1.9.13.jar:/home/anna/hadoop-2.7.1/share/hadoop/hdfs/lib/log4j-1.2.17.jar:/home/anna/hadoop-2.7.1/share/hadoop/hdfs/lib/protobuf-java-2.5.0.jar:/home/anna/hadoop-2.7.1/share/hadoop/hdfs/lib/jsr305-3.0.0.jar:/home/anna/hadoop-2.7.1/share/hadoop/hdfs/lib/commons-io-2.4.jar:/home/anna/hadoop-2.7.1/share/hadoop/hdfs/hadoop-hdfs-2.7.1.jar:/home/anna/hadoop-2.7.1/share/hadoop/hdfs/hadoop-hdfs-nfs-2.7.1.jar:/home/anna/hadoop-2.7.1/share/hadoop/hdfs/hadoop-hdfs-2.7.1-tests.jar:/home/anna/hadoop-2.7.1/share/hadoop/yarn/lib/commons-codec-1.4.jar:/home/anna/hadoop-2.7.1/share/hadoop/yarn/lib/commons-collections-3.2.1.jar:/home/anna/hadoop-2.7.1/share/hadoop/yarn/lib/leveldbjni-all-1.8.jar:/home/anna/hadoop-2.7.1/share/hadoop/yarn/lib/jersey-server-1.9.jar:/home/anna/hadoop-2.7.1/share/hadoop/yarn/lib/jersey-core-1.9.jar:/home/anna/hadoop-2.7.1/share/hadoop/yarn/lib/commons-compress-1.4.1.jar:/home/anna/hadoop-2.7.1/share/hadoop/yarn/lib/guice-servlet-3.0.jar:/home/anna/hadoop-2.7.1/share/hadoop/yarn/lib/jetty-util-6.1.26.jar:/home/anna/hadoop-2.7.1/share/hadoop/yarn/lib/xz-1.0.jar:/home/anna/hadoop-2.7.1/share/hadoop/yarn/lib/jetty-6.1.26.jar:/home/anna/hadoop-2.7.1/share/hadoop/yarn/lib/jackson-xc-1.9.13.jar:/home/anna/hadoop-2.7.1/share/hadoop/yarn/lib/servlet-api-2.5.jar:/home/anna/hadoop-2.7.1/share/hadoop/yarn/lib/commons-logging-1.1.3.jar:/home/anna/hadoop-2.7.1/share/hadoop/yarn/lib/jersey-json-1.9.jar:/home/anna/hadoop-2.7.1/share/hadoop/yarn/lib/commons-lang-2.6.jar:/home/anna/hadoop-2.7.1/share/hadoop/yarn/lib/commons-cli-1.2.jar:/home/anna/hadoop-2.7.1/share/hadoop/yarn/lib/jersey-guice-1.9.jar:/home/anna/hadoop-2.7.1/share/hadoop/yarn/lib/jaxb-impl-2.2.3-1.jar:/home/anna/hadoop-2.7.1/share/hadoop/yarn/lib/guava-11.0.2.jar:/home/anna/hadoop-2.7.1/share/hadoop/yarn/lib/aopalliance-1.0.jar:/home/anna/hadoop-2.7.1/share/hadoop/yarn/lib/zookeeper-3.4.6-tests.jar:/home/anna/hadoop-2.7.1/share/hadoop/yarn/lib/asm-3.2.jar:/home/anna/hadoop-2.7.1/share/hadoop/yarn/lib/zookeeper-3.4.6.jar:/home/anna/hadoop-2.7.1/share/hadoop/yarn/lib/stax-api-1.0-2.jar:/home/anna/hadoop-2.7.1/share/hadoop/yarn/lib/netty-3.6.2.Final.jar:/home/anna/hadoop-2.7.1/share/hadoop/yarn/lib/jaxb-api-2.2.2.jar:/home/anna/hadoop-2.7.1/share/hadoop/yarn/lib/jettison-1.1.jar:/home/anna/hadoop-2.7.1/share/hadoop/yarn/lib/guice-3.0.jar:/home/anna/hadoop-2.7.1/share/hadoop/yarn/lib/activation-1.1.jar:/home/anna/hadoop-2.7.1/share/hadoop/yarn/lib/jackson-core-asl-1.9.13.jar:/home/anna/hadoop-2.7.1/share/hadoop/yarn/lib/jackson-mapper-asl-1.9.13.jar:/home/anna/hadoop-2.7.1/share/hadoop/yarn/lib/jackson-jaxrs-1.9.13.jar:/home/anna/hadoop-2.7.1/share/hadoop/yarn/lib/log4j-1.2.17.jar:/home/anna/hadoop-2.7.1/share/hadoop/yarn/lib/protobuf-java-2.5.0.jar:/home/anna/hadoop-2.7.1/share/hadoop/yarn/lib/jersey-client-1.9.jar:/home/anna/hadoop-2.7.1/share/hadoop/yarn/lib/javax.inject-1.jar:/home/anna/hadoop-2.7.1/share/hadoop/yarn/lib/jsr305-3.0.0.jar:/home/anna/hadoop-2.7.1/share/hadoop/yarn/lib/commons-io-2.4.jar:/home/anna/hadoop-2.7.1/share/hadoop/yarn/hadoop-yarn-common-2.7.1.jar:/home/anna/hadoop-2.7.1/share/hadoop/yarn/hadoop-yarn-server-web-proxy-2.7.1.jar:/home/anna/hadoop-2.7.1/share/hadoop/yarn/hadoop-yarn-client-2.7.1.jar:/home/anna/hadoop-2.7.1/share/hadoop/yarn/hadoop-yarn-server-tests-2.7.1.jar:/home/anna/hadoop-2.7.1/share/hadoop/yarn/hadoop-yarn-server-applicationhistoryservice-2.7.1.jar:/home/anna/hadoop-2.7.1/share/hadoop/yarn/hadoop-yarn-api-2.7.1.jar:/home/anna/hadoop-2.7.1/share/hadoop/yarn/hadoop-yarn-server-resourcemanager-2.7.1.jar:/home/anna/hadoop-2.7.1/share/hadoop/yarn/hadoop-yarn-server-common-2.7.1.jar:/home/anna/hadoop-2.7.1/share/hadoop/yarn/hadoop-yarn-server-sharedcachemanager-2.7.1.jar:/home/anna/hadoop-2.7.1/share/hadoop/yarn/hadoop-yarn-applications-unmanaged-am-launcher-2.7.1.jar:/home/anna/hadoop-2.7.1/share/hadoop/yarn/hadoop-yarn-server-nodemanager-2.7.1.jar:/home/anna/hadoop-2.7.1/share/hadoop/yarn/hadoop-yarn-registry-2.7.1.jar:/home/anna/hadoop-2.7.1/share/hadoop/yarn/hadoop-yarn-applications-distributedshell-2.7.1.jar:/home/anna/hadoop-2.7.1/share/hadoop/mapreduce/lib/leveldbjni-all-1.8.jar:/home/anna/hadoop-2.7.1/share/hadoop/mapreduce/lib/jersey-server-1.9.jar:/home/anna/hadoop-2.7.1/share/hadoop/mapreduce/lib/jersey-core-1.9.jar:/home/anna/hadoop-2.7.1/share/hadoop/mapreduce/lib/commons-compress-1.4.1.jar:/home/anna/hadoop-2.7.1/share/hadoop/mapreduce/lib/paranamer-2.3.jar:/home/anna/hadoop-2.7.1/share/hadoop/mapreduce/lib/guice-servlet-3.0.jar:/home/anna/hadoop-2.7.1/share/hadoop/mapreduce/lib/hamcrest-core-1.3.jar:/home/anna/hadoop-2.7.1/share/hadoop/mapreduce/lib/xz-1.0.jar:/home/anna/hadoop-2.7.1/share/hadoop/mapreduce/lib/hadoop-annotations-2.7.1.jar:/home/anna/hadoop-2.7.1/share/hadoop/mapreduce/lib/junit-4.11.jar:/home/anna/hadoop-2.7.1/share/hadoop/mapreduce/lib/jersey-guice-1.9.jar:/home/anna/hadoop-2.7.1/share/hadoop/mapreduce/lib/aopalliance-1.0.jar:/home/anna/hadoop-2.7.1/share/hadoop/mapreduce/lib/asm-3.2.jar:/home/anna/hadoop-2.7.1/share/hadoop/mapreduce/lib/netty-3.6.2.Final.jar:/home/anna/hadoop-2.7.1/share/hadoop/mapreduce/lib/snappy-java-1.0.4.1.jar:/home/anna/hadoop-2.7.1/share/hadoop/mapreduce/lib/guice-3.0.jar:/home/anna/hadoop-2.7.1/share/hadoop/mapreduce/lib/jackson-core-asl-1.9.13.jar:/home/anna/hadoop-2.7.1/share/hadoop/mapreduce/lib/jackson-mapper-asl-1.9.13.jar:/home/anna/hadoop-2.7.1/share/hadoop/mapreduce/lib/log4j-1.2.17.jar:/home/anna/hadoop-2.7.1/share/hadoop/mapreduce/lib/protobuf-java-2.5.0.jar:/home/anna/hadoop-2.7.1/share/hadoop/mapreduce/lib/avro-1.7.4.jar:/home/anna/hadoop-2.7.1/share/hadoop/mapreduce/lib/javax.inject-1.jar:/home/anna/hadoop-2.7.1/share/hadoop/mapreduce/lib/commons-io-2.4.jar:/home/anna/hadoop-2.7.1/share/hadoop/mapreduce/hadoop-mapreduce-client-app-2.7.1.jar:/home/anna/hadoop-2.7.1/share/hadoop/mapreduce/hadoop-mapreduce-client-hs-2.7.1.jar:/home/anna/hadoop-2.7.1/share/hadoop/mapreduce/hadoop-mapreduce-client-core-2.7.1.jar:/home/anna/hadoop-2.7.1/share/hadoop/mapreduce/hadoop-mapreduce-client-jobclient-2.7.1-tests.jar:/home/anna/hadoop-2.7.1/share/hadoop/mapreduce/hadoop-mapreduce-examples-2.7.1.jar:/home/anna/hadoop-2.7.1/share/hadoop/mapreduce/hadoop-mapreduce-client-jobclient-2.7.1.jar:/home/anna/hadoop-2.7.1/share/hadoop/mapreduce/hadoop-mapreduce-client-common-2.7.1.jar:/home/anna/hadoop-2.7.1/share/hadoop/mapreduce/hadoop-mapreduce-client-hs-plugins-2.7.1.jar:/home/anna/hadoop-2.7.1/share/hadoop/mapreduce/hadoop-mapreduce-client-shuffle-2.7.1.jar:/contrib/capacity-scheduler/*.jar:/home/anna/hadoop-2.7.1/contrib/capacity-scheduler/*.jar:/home/anna/hadoop-2.7.1/contrib/capacity-scheduler/*.jar
STARTUP_MSG:   build = https://git-wip-us.apache.org/repos/asf/hadoop.git -r 15ecc87ccf4a0228f35af08fc56de536e6ce657a; compiled by 'jenkins' on 2015-06-29T06:04Z
STARTUP_MSG:   java = 1.7.0_79
************************************************************/
2015-10-14 22:43:10,984 INFO org.apache.hadoop.hdfs.server.namenode.NameNode: registered UNIX signal handlers for [TERM, HUP, INT]
2015-10-14 22:43:10,997 INFO org.apache.hadoop.hdfs.server.namenode.NameNode: createNameNode []
2015-10-14 22:43:11,416 INFO org.apache.hadoop.metrics2.impl.MetricsConfig: loaded properties from hadoop-metrics2.properties
2015-10-14 22:43:11,607 INFO org.apache.hadoop.metrics2.impl.MetricsSystemImpl: Scheduled snapshot period at 10 second(s).
2015-10-14 22:43:11,607 INFO org.apache.hadoop.metrics2.impl.MetricsSystemImpl: NameNode metrics system started
2015-10-14 22:43:11,611 INFO org.apache.hadoop.hdfs.server.namenode.NameNode: fs.defaultFS is hdfs://localhost:9000
2015-10-14 22:43:11,611 INFO org.apache.hadoop.hdfs.server.namenode.NameNode: Clients are to use localhost:9000 to access this namenode/service.
2015-10-14 22:43:12,244 INFO org.apache.hadoop.hdfs.DFSUtil: Starting Web-server for hdfs at: http://0.0.0.0:50070
2015-10-14 22:43:12,363 INFO org.mortbay.log: Logging to org.slf4j.impl.Log4jLoggerAdapter(org.mortbay.log) via org.mortbay.log.Slf4jLog
2015-10-14 22:43:12,386 INFO org.apache.hadoop.security.authentication.server.AuthenticationFilter: Unable to initialize FileSignerSecretProvider, falling back to use random secrets.
2015-10-14 22:43:12,406 INFO org.apache.hadoop.http.HttpRequestLog: Http request log for http.requests.namenode is not defined
2015-10-14 22:43:12,415 INFO org.apache.hadoop.http.HttpServer2: Added global filter 'safety' (class=org.apache.hadoop.http.HttpServer2$QuotingInputFilter)
2015-10-14 22:43:12,430 INFO org.apache.hadoop.http.HttpServer2: Added filter static_user_filter (class=org.apache.hadoop.http.lib.StaticUserWebFilter$StaticUserFilter) to context hdfs
2015-10-14 22:43:12,430 INFO org.apache.hadoop.http.HttpServer2: Added filter static_user_filter (class=org.apache.hadoop.http.lib.StaticUserWebFilter$StaticUserFilter) to context static
2015-10-14 22:43:12,430 INFO org.apache.hadoop.http.HttpServer2: Added filter static_user_filter (class=org.apache.hadoop.http.lib.StaticUserWebFilter$StaticUserFilter) to context logs
2015-10-14 22:43:12,476 INFO org.apache.hadoop.http.HttpServer2: Added filter 'org.apache.hadoop.hdfs.web.AuthFilter' (class=org.apache.hadoop.hdfs.web.AuthFilter)
2015-10-14 22:43:12,477 INFO org.apache.hadoop.http.HttpServer2: addJerseyResourcePackage: packageName=org.apache.hadoop.hdfs.server.namenode.web.resources;org.apache.hadoop.hdfs.web.resources, pathSpec=/webhdfs/v1/*
2015-10-14 22:43:12,530 INFO org.apache.hadoop.http.HttpServer2: Jetty bound to port 50070
2015-10-14 22:43:12,530 INFO org.mortbay.log: jetty-6.1.26
2015-10-14 22:43:12,884 INFO org.mortbay.log: Started HttpServer2$SelectChannelConnectorWithSafeStartup@0.0.0.0:50070
2015-10-14 22:43:12,949 WARN org.apache.hadoop.hdfs.server.namenode.FSNamesystem: Only one image storage directory (dfs.namenode.name.dir) configured. Beware of data loss due to lack of redundant storage directories!
2015-10-14 22:43:12,949 WARN org.apache.hadoop.hdfs.server.namenode.FSNamesystem: Only one namespace edits storage directory (dfs.namenode.edits.dir) configured. Beware of data loss due to lack of redundant storage directories!
2015-10-14 22:43:13,010 INFO org.apache.hadoop.hdfs.server.namenode.FSNamesystem: No KeyProvider found.
2015-10-14 22:43:13,010 INFO org.apache.hadoop.hdfs.server.namenode.FSNamesystem: fsLock is fair:true
2015-10-14 22:43:13,046 INFO org.apache.hadoop.hdfs.server.blockmanagement.DatanodeManager: dfs.block.invalidate.limit=1000
2015-10-14 22:43:13,046 INFO org.apache.hadoop.hdfs.server.blockmanagement.DatanodeManager: dfs.namenode.datanode.registration.ip-hostname-check=true
2015-10-14 22:43:13,047 INFO org.apache.hadoop.hdfs.server.blockmanagement.BlockManager: dfs.namenode.startup.delay.block.deletion.sec is set to 000:00:00:00.000
2015-10-14 22:43:13,048 INFO org.apache.hadoop.hdfs.server.blockmanagement.BlockManager: The block deletion will start around 2015 Oct 14 22:43:13
2015-10-14 22:43:13,050 INFO org.apache.hadoop.util.GSet: Computing capacity for map BlocksMap
2015-10-14 22:43:13,050 INFO org.apache.hadoop.util.GSet: VM type       = 64-bit
2015-10-14 22:43:13,051 INFO org.apache.hadoop.util.GSet: 2.0% max memory 966.7 MB = 19.3 MB
2015-10-14 22:43:13,051 INFO org.apache.hadoop.util.GSet: capacity      = 2^21 = 2097152 entries
2015-10-14 22:43:13,090 INFO org.apache.hadoop.hdfs.server.blockmanagement.BlockManager: dfs.block.access.token.enable=false
2015-10-14 22:43:13,091 INFO org.apache.hadoop.hdfs.server.blockmanagement.BlockManager: defaultReplication         = 1
2015-10-14 22:43:13,091 INFO org.apache.hadoop.hdfs.server.blockmanagement.BlockManager: maxReplication             = 512
2015-10-14 22:43:13,091 INFO org.apache.hadoop.hdfs.server.blockmanagement.BlockManager: minReplication             = 1
2015-10-14 22:43:13,091 INFO org.apache.hadoop.hdfs.server.blockmanagement.BlockManager: maxReplicationStreams      = 2
2015-10-14 22:43:13,091 INFO org.apache.hadoop.hdfs.server.blockmanagement.BlockManager: shouldCheckForEnoughRacks  = false
2015-10-14 22:43:13,091 INFO org.apache.hadoop.hdfs.server.blockmanagement.BlockManager: replicationRecheckInterval = 3000
2015-10-14 22:43:13,091 INFO org.apache.hadoop.hdfs.server.blockmanagement.BlockManager: encryptDataTransfer        = false
2015-10-14 22:43:13,091 INFO org.apache.hadoop.hdfs.server.blockmanagement.BlockManager: maxNumBlocksToLog          = 1000
2015-10-14 22:43:13,097 INFO org.apache.hadoop.hdfs.server.namenode.FSNamesystem: fsOwner             = anna (auth:SIMPLE)
2015-10-14 22:43:13,097 INFO org.apache.hadoop.hdfs.server.namenode.FSNamesystem: supergroup          = supergroup
2015-10-14 22:43:13,097 INFO org.apache.hadoop.hdfs.server.namenode.FSNamesystem: isPermissionEnabled = true
2015-10-14 22:43:13,097 INFO org.apache.hadoop.hdfs.server.namenode.FSNamesystem: HA Enabled: false
2015-10-14 22:43:13,098 INFO org.apache.hadoop.hdfs.server.namenode.FSNamesystem: Append Enabled: true
2015-10-14 22:43:13,141 INFO org.apache.hadoop.util.GSet: Computing capacity for map INodeMap
2015-10-14 22:43:13,141 INFO org.apache.hadoop.util.GSet: VM type       = 64-bit
2015-10-14 22:43:13,142 INFO org.apache.hadoop.util.GSet: 1.0% max memory 966.7 MB = 9.7 MB
2015-10-14 22:43:13,142 INFO org.apache.hadoop.util.GSet: capacity      = 2^20 = 1048576 entries
2015-10-14 22:43:13,143 INFO org.apache.hadoop.hdfs.server.namenode.FSDirectory: ACLs enabled? false
2015-10-14 22:43:13,143 INFO org.apache.hadoop.hdfs.server.namenode.FSDirectory: XAttrs enabled? true
2015-10-14 22:43:13,143 INFO org.apache.hadoop.hdfs.server.namenode.FSDirectory: Maximum size of an xattr: 16384
2015-10-14 22:43:13,143 INFO org.apache.hadoop.hdfs.server.namenode.NameNode: Caching file names occuring more than 10 times
2015-10-14 22:43:13,152 INFO org.apache.hadoop.util.GSet: Computing capacity for map cachedBlocks
2015-10-14 22:43:13,152 INFO org.apache.hadoop.util.GSet: VM type       = 64-bit
2015-10-14 22:43:13,152 INFO org.apache.hadoop.util.GSet: 0.25% max memory 966.7 MB = 2.4 MB
2015-10-14 22:43:13,152 INFO org.apache.hadoop.util.GSet: capacity      = 2^18 = 262144 entries
2015-10-14 22:43:13,153 INFO org.apache.hadoop.hdfs.server.namenode.FSNamesystem: dfs.namenode.safemode.threshold-pct = 0.9990000128746033
2015-10-14 22:43:13,153 INFO org.apache.hadoop.hdfs.server.namenode.FSNamesystem: dfs.namenode.safemode.min.datanodes = 0
2015-10-14 22:43:13,153 INFO org.apache.hadoop.hdfs.server.namenode.FSNamesystem: dfs.namenode.safemode.extension     = 30000
2015-10-14 22:43:13,156 INFO org.apache.hadoop.hdfs.server.namenode.top.metrics.TopMetrics: NNTop conf: dfs.namenode.top.window.num.buckets = 10
2015-10-14 22:43:13,156 INFO org.apache.hadoop.hdfs.server.namenode.top.metrics.TopMetrics: NNTop conf: dfs.namenode.top.num.users = 10
2015-10-14 22:43:13,156 INFO org.apache.hadoop.hdfs.server.namenode.top.metrics.TopMetrics: NNTop conf: dfs.namenode.top.windows.minutes = 1,5,25
2015-10-14 22:43:13,157 INFO org.apache.hadoop.hdfs.server.namenode.FSNamesystem: Retry cache on namenode is enabled
2015-10-14 22:43:13,157 INFO org.apache.hadoop.hdfs.server.namenode.FSNamesystem: Retry cache will use 0.03 of total heap and retry cache entry expiry time is 600000 millis
2015-10-14 22:43:13,159 INFO org.apache.hadoop.util.GSet: Computing capacity for map NameNodeRetryCache
2015-10-14 22:43:13,159 INFO org.apache.hadoop.util.GSet: VM type       = 64-bit
2015-10-14 22:43:13,159 INFO org.apache.hadoop.util.GSet: 0.029999999329447746% max memory 966.7 MB = 297.0 KB
2015-10-14 22:43:13,159 INFO org.apache.hadoop.util.GSet: capacity      = 2^15 = 32768 entries
2015-10-14 22:43:13,177 INFO org.apache.hadoop.hdfs.server.common.Storage: Lock on /tmp/hadoop-anna/dfs/name/in_use.lock acquired by nodename 13010@ip-172-31-38-110.us-west-2.compute.internal
2015-10-14 22:43:13,328 INFO org.apache.hadoop.hdfs.server.namenode.FileJournalManager: Recovering unfinalized segments in /tmp/hadoop-anna/dfs/name/current
2015-10-14 22:43:13,329 INFO org.apache.hadoop.hdfs.server.namenode.FSImage: No edit log streams selected.
2015-10-14 22:43:13,426 INFO org.apache.hadoop.hdfs.server.namenode.FSImageFormatPBINode: Loading 1 INodes.
2015-10-14 22:43:13,512 INFO org.apache.hadoop.hdfs.server.namenode.FSImageFormatProtobuf: Loaded FSImage in 0 seconds.
2015-10-14 22:43:13,514 INFO org.apache.hadoop.hdfs.server.namenode.FSImage: Loaded image for txid 0 from /tmp/hadoop-anna/dfs/name/current/fsimage_0000000000000000000
2015-10-14 22:43:13,523 INFO org.apache.hadoop.hdfs.server.namenode.FSNamesystem: Need to save fs image? false (staleImage=false, haEnabled=false, isRollingUpgrade=false)
2015-10-14 22:43:13,524 INFO org.apache.hadoop.hdfs.server.namenode.FSEditLog: Starting log segment at 1
2015-10-14 22:43:13,582 INFO org.apache.hadoop.hdfs.server.namenode.NameCache: initialized with 0 entries 0 lookups
2015-10-14 22:43:13,582 INFO org.apache.hadoop.hdfs.server.namenode.FSNamesystem: Finished loading FSImage in 415 msecs
2015-10-14 22:43:13,739 INFO org.apache.hadoop.hdfs.server.namenode.NameNode: RPC server is binding to localhost:9000
2015-10-14 22:43:13,746 INFO org.apache.hadoop.ipc.CallQueueManager: Using callQueue class java.util.concurrent.LinkedBlockingQueue
2015-10-14 22:43:13,757 INFO org.apache.hadoop.ipc.Server: Starting Socket Reader #1 for port 9000
2015-10-14 22:43:13,832 INFO org.apache.hadoop.hdfs.server.namenode.FSNamesystem: Registered FSNamesystemState MBean
2015-10-14 22:43:13,846 INFO org.apache.hadoop.hdfs.server.namenode.LeaseManager: Number of blocks under construction: 0
2015-10-14 22:43:13,846 INFO org.apache.hadoop.hdfs.server.namenode.LeaseManager: Number of blocks under construction: 0
2015-10-14 22:43:13,846 INFO org.apache.hadoop.hdfs.server.namenode.FSNamesystem: initializing replication queues
2015-10-14 22:43:13,846 INFO org.apache.hadoop.hdfs.StateChange: STATE* Leaving safe mode after 0 secs
2015-10-14 22:43:13,846 INFO org.apache.hadoop.hdfs.StateChange: STATE* Network topology has 0 racks and 0 datanodes
2015-10-14 22:43:13,846 INFO org.apache.hadoop.hdfs.StateChange: STATE* UnderReplicatedBlocks has 0 blocks
2015-10-14 22:43:13,858 INFO org.apache.hadoop.hdfs.server.blockmanagement.DatanodeDescriptor: Number of failed storage changes from 0 to 0
2015-10-14 22:43:13,861 INFO org.apache.hadoop.hdfs.server.blockmanagement.BlockManager: Total number of blocks            = 0
2015-10-14 22:43:13,861 INFO org.apache.hadoop.hdfs.server.blockmanagement.BlockManager: Number of invalid blocks          = 0
2015-10-14 22:43:13,861 INFO org.apache.hadoop.hdfs.server.blockmanagement.BlockManager: Number of under-replicated blocks = 0
2015-10-14 22:43:13,861 INFO org.apache.hadoop.hdfs.server.blockmanagement.BlockManager: Number of  over-replicated blocks = 0
2015-10-14 22:43:13,861 INFO org.apache.hadoop.hdfs.server.blockmanagement.BlockManager: Number of blocks being written    = 0
2015-10-14 22:43:13,861 INFO org.apache.hadoop.hdfs.StateChange: STATE* Replication Queue initialization scan for invalid, over- and under-replicated blocks completed in 14 msec
2015-10-14 22:43:13,904 INFO org.apache.hadoop.ipc.Server: IPC Server Responder: starting
2015-10-14 22:43:13,905 INFO org.apache.hadoop.ipc.Server: IPC Server listener on 9000: starting
2015-10-14 22:43:13,906 INFO org.apache.hadoop.hdfs.server.namenode.NameNode: NameNode RPC up at: localhost/127.0.0.1:9000
2015-10-14 22:43:13,906 INFO org.apache.hadoop.hdfs.server.namenode.FSNamesystem: Starting services required for active state
2015-10-14 22:43:13,911 INFO org.apache.hadoop.hdfs.server.blockmanagement.CacheReplicationMonitor: Starting CacheReplicationMonitor with interval 30000 milliseconds
2015-10-14 22:43:22,962 INFO org.apache.hadoop.hdfs.StateChange: BLOCK* registerDatanode: from DatanodeRegistration(127.0.0.1:50010, datanodeUuid=35de5763-a444-435c-b819-3280fba2be04, infoPort=50075, infoSecurePort=0, ipcPort=50020, storageInfo=lv=-56;cid=CID-8b1f79ba-1d26-41e9-bbd3-17755630c099;nsid=2023683478;c=0) storage 35de5763-a444-435c-b819-3280fba2be04
2015-10-14 22:43:22,962 INFO org.apache.hadoop.hdfs.server.blockmanagement.DatanodeDescriptor: Number of failed storage changes from 0 to 0
2015-10-14 22:43:22,963 INFO org.apache.hadoop.net.NetworkTopology: Adding a new node: /default-rack/127.0.0.1:50010
2015-10-14 22:43:23,253 INFO org.apache.hadoop.hdfs.server.blockmanagement.DatanodeDescriptor: Number of failed storage changes from 0 to 0
2015-10-14 22:43:23,253 INFO org.apache.hadoop.hdfs.server.blockmanagement.DatanodeDescriptor: Adding new storage ID DS-6fd1042d-cd10-481d-bc83-6993b3c36b37 for DN 127.0.0.1:50010
2015-10-14 22:43:23,395 INFO BlockStateChange: BLOCK* processReport: from storage DS-6fd1042d-cd10-481d-bc83-6993b3c36b37 node DatanodeRegistration(127.0.0.1:50010, datanodeUuid=35de5763-a444-435c-b819-3280fba2be04, infoPort=50075, infoSecurePort=0, ipcPort=50020, storageInfo=lv=-56;cid=CID-8b1f79ba-1d26-41e9-bbd3-17755630c099;nsid=2023683478;c=0), blocks: 0, hasStaleStorage: false, processing time: 9 msecs
2015-10-14 22:44:53,193 INFO org.apache.hadoop.hdfs.server.namenode.FSNamesystem: Roll Edit Log from 127.0.0.1
2015-10-14 22:44:53,193 INFO org.apache.hadoop.hdfs.server.namenode.FSEditLog: Rolling edit logs
2015-10-14 22:44:53,194 INFO org.apache.hadoop.hdfs.server.namenode.FSEditLog: Ending log segment 1
2015-10-14 22:44:53,194 INFO org.apache.hadoop.hdfs.server.namenode.FSEditLog: Number of transactions: 2 Total time for transactions(ms): 0 Number of transactions batched in Syncs: 0 Number of syncs: 2 SyncTimes(ms): 11 
2015-10-14 22:44:53,195 INFO org.apache.hadoop.hdfs.server.namenode.FSEditLog: Number of transactions: 2 Total time for transactions(ms): 0 Number of transactions batched in Syncs: 0 Number of syncs: 3 SyncTimes(ms): 12 
2015-10-14 22:44:53,196 INFO org.apache.hadoop.hdfs.server.namenode.FileJournalManager: Finalizing edits file /tmp/hadoop-anna/dfs/name/current/edits_inprogress_0000000000000000001 -> /tmp/hadoop-anna/dfs/name/current/edits_0000000000000000001-0000000000000000002
2015-10-14 22:44:53,198 INFO org.apache.hadoop.hdfs.server.namenode.FSEditLog: Starting log segment at 3
2015-10-14 22:44:55,312 INFO org.apache.hadoop.hdfs.server.namenode.TransferFsImage: Transfer took 0.01s at 0.00 KB/s
2015-10-14 22:44:55,312 INFO org.apache.hadoop.hdfs.server.namenode.TransferFsImage: Downloaded file fsimage.ckpt_0000000000000000002 size 351 bytes.
2015-10-14 22:44:55,317 INFO org.apache.hadoop.hdfs.server.namenode.NNStorageRetentionManager: Going to retain 2 images with txid >= 0
2015-10-14 22:59:53,221 INFO org.apache.hadoop.hdfs.server.namenode.FSEditLog: Number of transactions: 2 Total time for transactions(ms): 12 Number of transactions batched in Syncs: 0 Number of syncs: 2 SyncTimes(ms): 12 
2015-10-14 23:02:30,302 INFO org.apache.hadoop.hdfs.server.namenode.FSEditLog: Number of transactions: 4 Total time for transactions(ms): 12 Number of transactions batched in Syncs: 0 Number of syncs: 4 SyncTimes(ms): 14 
2015-10-14 23:02:47,833 INFO org.apache.hadoop.hdfs.StateChange: BLOCK* allocate blk_1073741825_1001{UCState=UNDER_CONSTRUCTION, truncateBlock=null, primaryNodeIndex=-1, replicas=[ReplicaUC[[DISK]DS-6fd1042d-cd10-481d-bc83-6993b3c36b37:NORMAL:127.0.0.1:50010|RBW]]} for /user/anna/input/file01._COPYING_
2015-10-14 23:02:48,395 INFO org.apache.hadoop.hdfs.server.namenode.FSNamesystem: BLOCK* blk_1073741825_1001{UCState=COMMITTED, truncateBlock=null, primaryNodeIndex=-1, replicas=[ReplicaUC[[DISK]DS-6fd1042d-cd10-481d-bc83-6993b3c36b37:NORMAL:127.0.0.1:50010|RBW]]} is not COMPLETE (ucState = COMMITTED, replication# = 0 <  minimum = 1) in file /user/anna/input/file01._COPYING_
2015-10-14 23:02:48,446 INFO BlockStateChange: BLOCK* addStoredBlock: blockMap updated: 127.0.0.1:50010 is added to blk_1073741825_1001{UCState=COMMITTED, truncateBlock=null, primaryNodeIndex=-1, replicas=[ReplicaUC[[DISK]DS-6fd1042d-cd10-481d-bc83-6993b3c36b37:NORMAL:127.0.0.1:50010|RBW]]} size 21
2015-10-14 23:02:48,806 INFO org.apache.hadoop.hdfs.StateChange: DIR* completeFile: /user/anna/input/file01._COPYING_ is closed by DFSClient_NONMAPREDUCE_2042261634_1
2015-10-14 23:02:59,938 INFO org.apache.hadoop.hdfs.StateChange: BLOCK* allocate blk_1073741826_1002{UCState=UNDER_CONSTRUCTION, truncateBlock=null, primaryNodeIndex=-1, replicas=[ReplicaUC[[DISK]DS-6fd1042d-cd10-481d-bc83-6993b3c36b37:NORMAL:127.0.0.1:50010|RBW]]} for /user/anna/input/file02._COPYING_
2015-10-14 23:03:00,172 INFO BlockStateChange: BLOCK* addStoredBlock: blockMap updated: 127.0.0.1:50010 is added to blk_1073741826_1002{UCState=UNDER_CONSTRUCTION, truncateBlock=null, primaryNodeIndex=-1, replicas=[ReplicaUC[[DISK]DS-6fd1042d-cd10-481d-bc83-6993b3c36b37:NORMAL:127.0.0.1:50010|RBW]]} size 0
2015-10-14 23:03:00,176 INFO org.apache.hadoop.hdfs.StateChange: DIR* completeFile: /user/anna/input/file02._COPYING_ is closed by DFSClient_NONMAPREDUCE_-1177902814_1
2015-10-14 23:03:17,388 INFO org.apache.hadoop.hdfs.StateChange: BLOCK* allocate blk_1073741827_1003{UCState=UNDER_CONSTRUCTION, truncateBlock=null, primaryNodeIndex=-1, replicas=[ReplicaUC[[DISK]DS-6fd1042d-cd10-481d-bc83-6993b3c36b37:NORMAL:127.0.0.1:50010|RBW]]} for /user/anna/output/_temporary/0/_temporary/attempt_local405886387_0001_r_000000_0/part-r-00000
2015-10-14 23:03:17,460 INFO BlockStateChange: BLOCK* addStoredBlock: blockMap updated: 127.0.0.1:50010 is added to blk_1073741827_1003{UCState=UNDER_CONSTRUCTION, truncateBlock=null, primaryNodeIndex=-1, replicas=[ReplicaUC[[DISK]DS-6fd1042d-cd10-481d-bc83-6993b3c36b37:NORMAL:127.0.0.1:50010|RBW]]} size 0
2015-10-14 23:03:17,464 INFO org.apache.hadoop.hdfs.StateChange: DIR* completeFile: /user/anna/output/_temporary/0/_temporary/attempt_local405886387_0001_r_000000_0/part-r-00000 is closed by DFSClient_NONMAPREDUCE_-256673267_1
2015-10-14 23:03:17,514 INFO org.apache.hadoop.hdfs.StateChange: DIR* completeFile: /user/anna/output/_SUCCESS is closed by DFSClient_NONMAPREDUCE_-256673267_1
